[ 2018-07-17T14:33:52+08:00 ] 127.0.0.1 /home/liuyan/index
INFO: [ app_init ] --START--
INFO: Run Behavior\BuildLiteBehavior [ RunTime:0.000020s ]
INFO: [ app_init ] --END-- [ RunTime:0.016584s ]
INFO: [ app_begin ] --START--
INFO: Run Behavior\ReadHtmlCacheBehavior [ RunTime:0.020597s ]
INFO: [ app_begin ] --END-- [ RunTime:0.020635s ]
SQL: SHOW COLUMNS FROM `msg` [ RunTime:0.0523s ]
SQL: SELECT * FROM `msg`  [ RunTime:0.0112s ]
INFO: [ view_parse ] --START--
INFO: [ template_filter ] --START--
INFO: Run Behavior\ContentReplaceBehavior [ RunTime:0.014942s ]
INFO: [ template_filter ] --END-- [ RunTime:0.015021s ]
INFO: Run Behavior\ParseTemplateBehavior [ RunTime:0.226989s ]
INFO: [ view_parse ] --END-- [ RunTime:0.227298s ]
INFO: [ view_filter ] --START--
INFO: Run Behavior\WriteHtmlCacheBehavior [ RunTime:0.018446s ]
INFO: [ view_filter ] --END-- [ RunTime:0.018585s ]
INFO: [ app_end ] --START--
INFO: Run Behavior\ShowPageTraceBehavior [ RunTime:0.009881s ]
INFO: [ app_end ] --END-- [ RunTime:0.009926s ]

